\BOOKMARK [1][-]{section.1}{Introducci\363n}{}% 1
\BOOKMARK [2][-]{subsection.1.1}{Presentaci\363n del problema}{section.1}% 2
\BOOKMARK [2][-]{subsection.1.2}{Procedimiento}{section.1}% 3
\BOOKMARK [1][-]{section.2}{Algoritmo y descripci\363n de las variables}{}% 4
\BOOKMARK [2][-]{subsection.2.1}{Modelo de reparaci\363n}{section.2}% 5
\BOOKMARK [2][-]{subsection.2.2}{Algoritmos}{section.2}% 6
\BOOKMARK [3][-]{subsubsection.2.2.1}{Simulaci\363n de sistema hasta su falla con un operario}{subsection.2.2}% 7
\BOOKMARK [3][-]{subsubsection.2.2.2}{Variables}{subsection.2.2}% 8
\BOOKMARK [3][-]{subsubsection.2.2.3}{Explicaci\363n del pseudoc\363digo}{subsection.2.2}% 9
\BOOKMARK [2][-]{subsection.2.3}{Simulaci\363n del sistema hasta su fallo con dos operarios}{section.2}% 10
\BOOKMARK [3][-]{subsubsection.2.3.1}{Variables}{subsection.2.3}% 11
\BOOKMARK [3][-]{subsubsection.2.3.2}{Explicaci\363n del pseudoc\363digo}{subsection.2.3}% 12
\BOOKMARK [1][-]{section.3}{Resultados}{}% 13
\BOOKMARK [2][-]{subsection.3.1}{Tabulados}{section.3}% 14
\BOOKMARK [2][-]{subsection.3.2}{Histogramas Comparativos}{section.3}% 15
\BOOKMARK [3][-]{subsubsection.3.2.1}{Incorporaci\363n de un t\351cnico}{subsection.3.2}% 16
\BOOKMARK [3][-]{subsubsection.3.2.2}{Incorporaci\363n de una nueva lavadora}{subsection.3.2}% 17
\BOOKMARK [3][-]{subsubsection.3.2.3}{Comparaci\363n de las dos opciones}{subsection.3.2}% 18
\BOOKMARK [1][-]{section.4}{Conclusiones}{}% 19
\BOOKMARK [1][-]{section.5}{Referencias}{}% 20
